<?xml version="1.0" encoding="UTF-8"?>
<testsuite xmlns:xsi="http://www.w3.org/2001/XMLSchema-instance" xsi:noNamespaceSchemaLocation="https://maven.apache.org/surefire/maven-surefire-plugin/xsd/surefire-test-report.xsd" version="3.0.2" name="TestSuite" time="425.716" tests="72" errors="0" skipped="0" failures="0">
  <properties>
[...]
</properties>
  <testcase name="login[prepaid](1)" classname="finalCall.onboardingFinalCalls" time="14.115">
    <system-out><![CDATA[D:\selenium\eclipse\E2EProject
chrome
we have a another window
Type prepaid
Exception caught after: 5447 ms
Exception caught after: 10808 ms
prepaid
]]></system-out>
    <system-err><![CDATA[SLF4J: Failed to load class "org.slf4j.impl.StaticLoggerBinder".
SLF4J: Defaulting to no-operation (NOP) logger implementation
SLF4J: See http://www.slf4j.org/codes.html#StaticLoggerBinder for further details.
Sep 27, 2024 12:58:02 PM org.openqa.selenium.devtools.CdpVersionFinder findNearestMatch
WARNING: Unable to find an exact match for CDP version 129, returning the closest version; found: 127; Please update to a Selenium version that supports CDP version 129
]]></system-err>
  </testcase>
  <testcase name="Dashboard[98652326, testng@selenium.com, Eclipse, no, Kuwait](1)" classname="finalCall.onboardingFinalCalls" time="18.505">
    <system-out><![CDATA[selected
prepaid
]]></system-out>
  </testcase>
  <testcase name="Dashboard[98652326, testng@selenium.com, Eclipse, no, Kuwait](1)" classname="finalCall.onboardingFinalCalls" time="17.281">
    <system-out><![CDATA[selected
Postpaid
]]></system-out>
  </testcase>
  <testcase name="CustomerCapture[owner, 1945, Jan, 29, 2099, Aug, 1, test_G, test_A, 23, 1, 1, test_street, office, 1st-30thBillCycle, national id, santhu_testing, INDIVIDUAL, INDIVIDUAL, kuwait, 1.0, 1.0, test, English, Kuwaiti, DunningSchedule, monthly, 1st-30thBillCycle, Kuwaiti, Region1](1)" classname="finalCall.onboardingFinalCalls" time="46.842">
    <system-out><![CDATA[Eclipse
6 from UIdob
1 from exceldob
-5 dob
29
SelectedDay.click()
SelectedDay.click()
1 from UIgov
8 from excelgov
7 gov
1
prepaid
]]></system-out>
  </testcase>
  <testcase name="CustomerCapture[owner, 1945, Jan, 29, 2099, Aug, 1, test_G, test_A, 23, 1, 1, test_street, office, 1st-30thBillCycle, national id, santhu_testing, INDIVIDUAL, INDIVIDUAL, kuwait, 1.0, 1.0, test, English, Kuwaiti, DunningSchedule, monthly, 1st-30thBillCycle, Kuwaiti, Region1](1)" classname="finalCall.onboardingFinalCalls" time="43.566">
    <system-out><![CDATA[Eclipse
6 from UIdob
1 from exceldob
-5 dob
29
SelectedDay.click()
1 from UIgov
8 from excelgov
7 gov
1
Postpaid
]]></system-out>
  </testcase>
  <testcase name="SelectProduct[Postpaid, Prepaid Smartphone Plan, MONTHLY 25 NP, Prepaid](1)" classname="finalCall.onboardingFinalCalls" time="11.34">
    <system-out><![CDATA[prepaid
Prepaid
Prepaid
Prepaid Smartphone Plan
prepaid
]]></system-out>
  </testcase>
  <testcase name="SelectProduct[Postpaid, Prepaid Smartphone Plan, MONTHLY 25 NP, Prepaid](1)" classname="finalCall.onboardingFinalCalls" time="9.39">
    <system-out><![CDATA[Postpaid
Postpaid
Postpaid
MONTHLY 25 NP
Postpaid
]]></system-out>
  </testcase>
  <testcase name="ProductConfigurationPage" classname="finalCall.onboardingFinalCalls" time="21.519">
    <system-out><![CDATA[64133254
2
MSISDN *
true
MSISDN Reserved!
true
211000000011583584
2
MSISDN *
SIM NUMBER *
true
SIM Reserved!
true
prepaid
]]></system-out>
  </testcase>
  <testcase name="ProductConfigurationPage" classname="finalCall.onboardingFinalCalls" time="20.714">
    <system-out><![CDATA[64133256
2
MSISDN *
true
MSISDN Reserved!
true
211000000011583586
2
MSISDN *
SIM NUMBER *
true
SIM Reserved!
true
Postpaid
]]></system-out>
  </testcase>
  <testcase name="ProductUserDetailsPage" classname="finalCall.onboardingFinalCalls" time="3.624">
    <system-out><![CDATA[prepaid
]]></system-out>
  </testcase>
  <testcase name="ProductUserDetailsPage" classname="finalCall.onboardingFinalCalls" time="2.831">
    <system-out><![CDATA[Postpaid
]]></system-out>
  </testcase>
  <testcase name="SummaryPage" classname="finalCall.onboardingFinalCalls" time="3.493">
    <system-out><![CDATA[prepaid
]]></system-out>
  </testcase>
  <testcase name="SummaryPage" classname="finalCall.onboardingFinalCalls" time="3.385">
    <system-out><![CDATA[Postpaid
]]></system-out>
  </testcase>
  <testcase name="Paymentpage" classname="finalCall.onboardingFinalCalls" time="4.19">
    <system-out><![CDATA[prepaid
]]></system-out>
  </testcase>
  <testcase name="Paymentpage" classname="finalCall.onboardingFinalCalls" time="3.161">
    <system-out><![CDATA[Postpaid
]]></system-out>
  </testcase>
  <testcase name="StatusCheck" classname="finalCall.onboardingFinalCalls" time="14.346">
    <system-out><![CDATA[C3470333
prepaid
]]></system-out>
  </testcase>
  <testcase name="StatusCheck" classname="finalCall.onboardingFinalCalls" time="14.046">
    <system-out><![CDATA[C3470334
Postpaid
]]></system-out>
  </testcase>
  <testcase name="login[Postpaid](1)" classname="finalCall.onboardingFinalCalls" time="12.819">
    <system-out><![CDATA[D:\selenium\eclipse\E2EProject
chrome
we have a another window
Type Postpaid
Exception caught after: 5172 ms
Exception caught after: 10493 ms
Postpaid
]]></system-out>
    <system-err><![CDATA[Sep 27, 2024 1:01:40 PM org.openqa.selenium.devtools.CdpVersionFinder findNearestMatch
WARNING: Unable to find an exact match for CDP version 129, returning the closest version; found: 127; Please update to a Selenium version that supports CDP version 129
]]></system-err>
  </testcase>
  <testcase name="login[prepaid](1)" classname="finalCall.AddVasFinalCalls" time="0.149">
    <system-out><![CDATA[prepaid
]]></system-out>
  </testcase>
  <testcase name="SearchCustomer[C3445962, C3445962, C3445962, C3445962, C3350476, C3350476, C3350476, C3350476](1)" classname="finalCall.AddVasFinalCalls" time="2.359">
    <system-out><![CDATA[1
prepaid
]]></system-out>
  </testcase>
  <testcase name="SearchCustomer[C3445962, C3445962, C3445962, C3445962, C3350476, C3350476, C3350476, C3350476](1)" classname="finalCall.AddVasFinalCalls" time="3.076">
    <system-out><![CDATA[1
Postpaid
]]></system-out>
  </testcase>
  <testcase name="Customer360View" classname="finalCall.AddVasFinalCalls" time="6.981">
    <system-out><![CDATA[prepaid
]]></system-out>
  </testcase>
  <testcase name="Customer360View" classname="finalCall.AddVasFinalCalls" time="6.299">
    <system-out><![CDATA[Postpaid
]]></system-out>
  </testcase>
  <testcase name="SelectSubscriptionPage" classname="finalCall.AddVasFinalCalls" time="1.184">
    <system-out><![CDATA[prepaid
]]></system-out>
  </testcase>
  <testcase name="SelectSubscriptionPage" classname="finalCall.AddVasFinalCalls" time="1.352">
    <system-out><![CDATA[Postpaid
]]></system-out>
  </testcase>
  <testcase name="SelectVasPlanAndTypePage[Internet Pay As You Go, Prepaid Voice Fr 5G Enabler](1)" classname="finalCall.AddVasFinalCalls" time="8.08">
    <system-out><![CDATA["Prepaid Voice Fr 5G Enabler" added to the cart
prepaid
]]></system-out>
  </testcase>
  <testcase name="SelectVasPlanAndTypePage[Internet Pay As You Go, Prepaid Voice Fr 5G Enabler](1)" classname="finalCall.AddVasFinalCalls" time="5.341">
    <system-out><![CDATA["Internet Pay As You Go" added to the cart
Postpaid
]]></system-out>
  </testcase>
  <testcase name="ProductConfigurationPage" classname="finalCall.AddVasFinalCalls" time="1.476">
    <system-out><![CDATA[prepaid
]]></system-out>
  </testcase>
  <testcase name="ProductConfigurationPage" classname="finalCall.AddVasFinalCalls" time="1.418">
    <system-out><![CDATA[Postpaid
]]></system-out>
  </testcase>
  <testcase name="SummaryPage" classname="finalCall.AddVasFinalCalls" time="1.293">
    <system-out><![CDATA[prepaid
]]></system-out>
  </testcase>
  <testcase name="SummaryPage" classname="finalCall.AddVasFinalCalls" time="2.337">
    <system-out><![CDATA[Postpaid
]]></system-out>
  </testcase>
  <testcase name="AddvasStatusCheck" classname="finalCall.AddVasFinalCalls" time="8.106">
    <system-out><![CDATA[C3470333
prepaid
]]></system-out>
  </testcase>
  <testcase name="AddvasStatusCheck" classname="finalCall.AddVasFinalCalls" time="6.427">
    <system-out><![CDATA[C3470334
Postpaid
]]></system-out>
  </testcase>
  <testcase name="login[Postpaid](1)" classname="finalCall.AddVasFinalCalls" time="0.148">
    <system-out><![CDATA[Postpaid
]]></system-out>
  </testcase>
  <testcase name="login[prepaid](1)" classname="finalCall.RemoveVasFinalCalls" time="0.117">
    <system-out><![CDATA[prepaid
]]></system-out>
  </testcase>
  <testcase name="RemoveVasSearchCustomer[C3445962, C3445962, C3445962, C3445962, C3350476, C3350476, C3350476, C3350476](1)" classname="finalCall.RemoveVasFinalCalls" time="2.438">
    <system-out><![CDATA[1
prepaid
]]></system-out>
  </testcase>
  <testcase name="RemoveVasSearchCustomer[C3445962, C3445962, C3445962, C3445962, C3350476, C3350476, C3350476, C3350476](1)" classname="finalCall.RemoveVasFinalCalls" time="2.288">
    <system-out><![CDATA[1
Postpaid
]]></system-out>
  </testcase>
  <testcase name="RemoveVasCustomer360View[Internet Pay As You Go, Prepaid Voice Fr 5G Enabler](1)" classname="finalCall.RemoveVasFinalCalls" time="4.124">
    <system-out><![CDATA[1
Prepaid Voice Fr 5G Enabler
prepaid
]]></system-out>
  </testcase>
  <testcase name="RemoveVasCustomer360View[Internet Pay As You Go, Prepaid Voice Fr 5G Enabler](1)" classname="finalCall.RemoveVasFinalCalls" time="4.405">
    <system-out><![CDATA[1
Internet Pay As You Go
Postpaid
]]></system-out>
  </testcase>
  <testcase name="RemoveVasSelectSubscriptionPage" classname="finalCall.RemoveVasFinalCalls" time="1.867">
    <system-out><![CDATA[prepaid
]]></system-out>
  </testcase>
  <testcase name="RemoveVasSelectSubscriptionPage" classname="finalCall.RemoveVasFinalCalls" time="1.886">
    <system-out><![CDATA[Postpaid
]]></system-out>
  </testcase>
  <testcase name="RemoveVasSummaryPage" classname="finalCall.RemoveVasFinalCalls" time="1.424">
    <system-out><![CDATA[prepaid
]]></system-out>
  </testcase>
  <testcase name="RemoveVasSummaryPage" classname="finalCall.RemoveVasFinalCalls" time="1.517">
    <system-out><![CDATA[Postpaid
]]></system-out>
  </testcase>
  <testcase name="RemoveVasStatusCheck" classname="finalCall.RemoveVasFinalCalls" time="6.555">
    <system-out><![CDATA[C3470333
prepaid
]]></system-out>
  </testcase>
  <testcase name="RemoveVasStatusCheck" classname="finalCall.RemoveVasFinalCalls" time="6.471">
    <system-out><![CDATA[C3470334
Postpaid
]]></system-out>
  </testcase>
  <testcase name="login[Postpaid](1)" classname="finalCall.RemoveVasFinalCalls" time="0.143">
    <system-out><![CDATA[Postpaid
]]></system-out>
  </testcase>
  <testcase name="login[prepaid](1)" classname="finalCall.SuspensionFinalCalls" time="0.178">
    <system-out><![CDATA[prepaid
]]></system-out>
  </testcase>
  <testcase name="SuspensionSearchCustomer[C3445962, C3445962, C3445962, C3445962, C3350476, C3350476, C3350476, C3350476](1)" classname="finalCall.SuspensionFinalCalls" time="2.087">
    <system-out><![CDATA[1
prepaid
]]></system-out>
  </testcase>
  <testcase name="SuspensionSearchCustomer[C3445962, C3445962, C3445962, C3445962, C3350476, C3350476, C3350476, C3350476](1)" classname="finalCall.SuspensionFinalCalls" time="2.351">
    <system-out><![CDATA[1
Postpaid
]]></system-out>
  </testcase>
  <testcase name="SuspensionCustomer360View" classname="finalCall.SuspensionFinalCalls" time="3.085">
    <system-out><![CDATA[prepaid
]]></system-out>
  </testcase>
  <testcase name="SuspensionCustomer360View" classname="finalCall.SuspensionFinalCalls" time="2.799">
    <system-out><![CDATA[Postpaid
]]></system-out>
  </testcase>
  <testcase name="SuspensionSelectSubscriptionPage" classname="finalCall.SuspensionFinalCalls" time="1.653">
    <system-out><![CDATA[prepaid
]]></system-out>
  </testcase>
  <testcase name="SuspensionSelectSubscriptionPage" classname="finalCall.SuspensionFinalCalls" time="1.771">
    <system-out><![CDATA[Postpaid
]]></system-out>
  </testcase>
  <testcase name="SuspensionSummaryPage" classname="finalCall.SuspensionFinalCalls" time="1.293">
    <system-out><![CDATA[prepaid
]]></system-out>
  </testcase>
  <testcase name="SuspensionSummaryPage" classname="finalCall.SuspensionFinalCalls" time="1.437">
    <system-out><![CDATA[Postpaid
]]></system-out>
  </testcase>
  <testcase name="SuspensionPaymentpage" classname="finalCall.SuspensionFinalCalls" time="0.178">
    <system-out><![CDATA[prepaid
]]></system-out>
  </testcase>
  <testcase name="SuspensionPaymentpage" classname="finalCall.SuspensionFinalCalls" time="1.804">
    <system-out><![CDATA[Postpaid
]]></system-out>
  </testcase>
  <testcase name="SuspensionStatusCheck" classname="finalCall.SuspensionFinalCalls" time="5.966">
    <system-out><![CDATA[C3470333
prepaid
]]></system-out>
  </testcase>
  <testcase name="SuspensionStatusCheck" classname="finalCall.SuspensionFinalCalls" time="6.435">
    <system-out><![CDATA[C3470334
Postpaid
]]></system-out>
  </testcase>
  <testcase name="login[Postpaid](1)" classname="finalCall.SuspensionFinalCalls" time="0.138">
    <system-out><![CDATA[Postpaid
]]></system-out>
  </testcase>
  <testcase name="login[prepaid](1)" classname="finalCall.RevokeSuspensionFinalCalls" time="0.168">
    <system-out><![CDATA[prepaid
]]></system-out>
  </testcase>
  <testcase name="RevokeSuspensionSearchCustomer[C3445962, C3445962, C3445962, C3445962, C3350476, C3350476, C3350476, C3350476](1)" classname="finalCall.RevokeSuspensionFinalCalls" time="2.441">
    <system-out><![CDATA[1
prepaid
]]></system-out>
  </testcase>
  <testcase name="RevokeSuspensionSearchCustomer[C3445962, C3445962, C3445962, C3445962, C3350476, C3350476, C3350476, C3350476](1)" classname="finalCall.RevokeSuspensionFinalCalls" time="2.35">
    <system-out><![CDATA[1
Postpaid
]]></system-out>
  </testcase>
  <testcase name="RevokeSuspensionCustomer360View" classname="finalCall.RevokeSuspensionFinalCalls" time="2.554">
    <system-out><![CDATA[prepaid
]]></system-out>
  </testcase>
  <testcase name="RevokeSuspensionCustomer360View" classname="finalCall.RevokeSuspensionFinalCalls" time="3.399">
    <system-out><![CDATA[Postpaid
]]></system-out>
  </testcase>
  <testcase name="RevokeSuspensionSelectSubscriptionPage" classname="finalCall.RevokeSuspensionFinalCalls" time="2.032">
    <system-out><![CDATA[prepaid
]]></system-out>
  </testcase>
  <testcase name="RevokeSuspensionSelectSubscriptionPage" classname="finalCall.RevokeSuspensionFinalCalls" time="1.61">
    <system-out><![CDATA[Postpaid
]]></system-out>
  </testcase>
  <testcase name="RevokeSuspensionSummaryPage" classname="finalCall.RevokeSuspensionFinalCalls" time="1.921">
    <system-out><![CDATA[prepaid
]]></system-out>
  </testcase>
  <testcase name="RevokeSuspensionSummaryPage" classname="finalCall.RevokeSuspensionFinalCalls" time="1.597">
    <system-out><![CDATA[Postpaid
]]></system-out>
  </testcase>
  <testcase name="RevokeSuspensionStatusCheck" classname="finalCall.RevokeSuspensionFinalCalls" time="6.397">
    <system-out><![CDATA[C3470333
prepaid
]]></system-out>
  </testcase>
  <testcase name="RevokeSuspensionStatusCheck" classname="finalCall.RevokeSuspensionFinalCalls" time="6.147">
    <system-out><![CDATA[C3470334
Postpaid
]]></system-out>
  </testcase>
  <testcase name="login[Postpaid](1)" classname="finalCall.RevokeSuspensionFinalCalls" time="0.161">
    <system-out><![CDATA[Postpaid
]]></system-out>
  </testcase>
</testsuite>