<?xml version="1.0" encoding="UTF-8"?>
<!-- Generated by org.testng.reporters.JUnitXMLReporter -->
<testsuite ignored="0" hostname="DESKTOP-KMOGL3M" failures="0" tests="5" name="Test" time="0.319" errors="0" timestamp="2024-09-11T10:06:21 IST">
  <testcase classname="finalCall.onboardingFinalCalls" name="@BeforeClass getBrowser" time="0.019">
    <failure type="java.lang.NullPointerException" message="Cannot invoke &amp;quot;String.contains(java.lang.CharSequence)&amp;quot; because &amp;quot;browserName&amp;quot; is null">
      <![CDATA[java.lang.NullPointerException: Cannot invoke "String.contains(java.lang.CharSequence)" because "browserName" is null
at resources.base.initializeDriver(base.java:29)
at finalCall.onboardingFinalCalls.getBrowser(onboardingFinalCalls.java:36)
at java.base/java.util.ArrayList.forEach(ArrayList.java:1597)
... Removed 23 stack frames]]>
    </failure>
  </testcase> <!-- @BeforeClass getBrowser -->
  <testcase classname="finalCall.onboardingFinalCalls" name="login" time="0.0">
    <skipped/>
  </testcase> <!-- login -->
  <testcase classname="finalCall.onboardingFinalCalls" name="Dashboard" time="0.0">
    <skipped/>
  </testcase> <!-- Dashboard -->
  <testcase classname="finalCall.onboardingFinalCalls" name="CustomerCapture" time="0.0">
    <skipped/>
  </testcase> <!-- CustomerCapture -->
  <testcase classname="finalCall.onboardingFinalCalls" name="SelectProduct" time="0.0">
    <skipped/>
  </testcase> <!-- SelectProduct -->
  <testcase classname="finalCall.onboardingFinalCalls" name="ProductConfigurationPage" time="0.0">
    <skipped/>
  </testcase> <!-- ProductConfigurationPage -->
</testsuite> <!-- Test -->
