<?xml version="1.0" encoding="UTF-8"?>
<!-- Generated by org.testng.reporters.JUnitXMLReporter -->
<testsuite ignored="0" hostname="DESKTOP-KMOGL3M" failures="0" tests="36" name="Postpaid Test" time="204.698" errors="0" timestamp="2024-09-27T13:05:03 IST">
  <testcase classname="finalCall.onboardingFinalCalls" name="login" time="12.546"/>
  <testcase classname="finalCall.onboardingFinalCalls" name="Dashboard" time="17.176"/>
  <testcase classname="finalCall.onboardingFinalCalls" name="CustomerCapture" time="43.45"/>
  <testcase classname="finalCall.onboardingFinalCalls" name="SelectProduct" time="9.265"/>
  <testcase classname="finalCall.onboardingFinalCalls" name="ProductConfigurationPage" time="20.577"/>
  <testcase classname="finalCall.onboardingFinalCalls" name="ProductUserDetailsPage" time="2.719"/>
  <testcase classname="finalCall.onboardingFinalCalls" name="SummaryPage" time="3.285"/>
  <testcase classname="finalCall.onboardingFinalCalls" name="Paymentpage" time="3.018"/>
  <testcase classname="finalCall.onboardingFinalCalls" name="StatusCheck" time="13.646"/>
  <testcase classname="finalCall.AddVasFinalCalls" name="login" time="0.0"/>
  <testcase classname="finalCall.AddVasFinalCalls" name="SearchCustomer" time="2.768"/>
  <testcase classname="finalCall.AddVasFinalCalls" name="Customer360View" time="6.107"/>
  <testcase classname="finalCall.AddVasFinalCalls" name="SelectSubscriptionPage" time="1.218"/>
  <testcase classname="finalCall.AddVasFinalCalls" name="SelectVasPlanAndTypePage" time="5.221"/>
  <testcase classname="finalCall.AddVasFinalCalls" name="ProductConfigurationPage" time="1.288"/>
  <testcase classname="finalCall.AddVasFinalCalls" name="SummaryPage" time="2.219"/>
  <testcase classname="finalCall.AddVasFinalCalls" name="AddvasStatusCheck" time="6.071"/>
  <testcase classname="finalCall.RemoveVasFinalCalls" name="login" time="0.0"/>
  <testcase classname="finalCall.RemoveVasFinalCalls" name="RemoveVasSearchCustomer" time="2.117"/>
  <testcase classname="finalCall.RemoveVasFinalCalls" name="RemoveVasCustomer360View" time="4.297"/>
  <testcase classname="finalCall.RemoveVasFinalCalls" name="RemoveVasSelectSubscriptionPage" time="1.742"/>
  <testcase classname="finalCall.RemoveVasFinalCalls" name="RemoveVasSummaryPage" time="1.36"/>
  <testcase classname="finalCall.RemoveVasFinalCalls" name="RemoveVasStatusCheck" time="6.125"/>
  <testcase classname="finalCall.SuspensionFinalCalls" name="login" time="0.001"/>
  <testcase classname="finalCall.SuspensionFinalCalls" name="SuspensionSearchCustomer" time="2.033"/>
  <testcase classname="finalCall.SuspensionFinalCalls" name="SuspensionCustomer360View" time="2.645"/>
  <testcase classname="finalCall.SuspensionFinalCalls" name="SuspensionSelectSubscriptionPage" time="1.627"/>
  <testcase classname="finalCall.SuspensionFinalCalls" name="SuspensionSummaryPage" time="1.267"/>
  <testcase classname="finalCall.SuspensionFinalCalls" name="SuspensionPaymentpage" time="1.669"/>
  <testcase classname="finalCall.SuspensionFinalCalls" name="SuspensionStatusCheck" time="6.008"/>
  <testcase classname="finalCall.RevokeSuspensionFinalCalls" name="login" time="0.0"/>
  <testcase classname="finalCall.RevokeSuspensionFinalCalls" name="RevokeSuspensionSearchCustomer" time="2.042"/>
  <testcase classname="finalCall.RevokeSuspensionFinalCalls" name="RevokeSuspensionCustomer360View" time="3.262"/>
  <testcase classname="finalCall.RevokeSuspensionFinalCalls" name="RevokeSuspensionSelectSubscriptionPage" time="1.471"/>
  <testcase classname="finalCall.RevokeSuspensionFinalCalls" name="RevokeSuspensionSummaryPage" time="1.476"/>
  <testcase classname="finalCall.RevokeSuspensionFinalCalls" name="RevokeSuspensionStatusCheck" time="5.979"/>
</testsuite> <!-- Postpaid Test -->
