<?xml version="1.0" encoding="UTF-8"?>
<!-- Generated by org.testng.reporters.JUnitXMLReporter -->
<testsuite ignored="0" hostname="DESKTOP-KMOGL3M" failures="0" tests="36" name="Test" time="212.239" errors="0" timestamp="2024-09-27T11:52:15 IST">
  <testcase classname="finalCall.onboardingFinalCalls" name="login" time="13.358"/>
  <testcase classname="finalCall.onboardingFinalCalls" name="Dashboard" time="14.888"/>
  <testcase classname="finalCall.onboardingFinalCalls" name="CustomerCapture" time="48.755"/>
  <testcase classname="finalCall.onboardingFinalCalls" name="SelectProduct" time="11.348"/>
  <testcase classname="finalCall.onboardingFinalCalls" name="ProductConfigurationPage" time="20.894"/>
  <testcase classname="finalCall.onboardingFinalCalls" name="ProductUserDetailsPage" time="2.552"/>
  <testcase classname="finalCall.onboardingFinalCalls" name="SummaryPage" time="3.078"/>
  <testcase classname="finalCall.onboardingFinalCalls" name="Paymentpage" time="3.39"/>
  <testcase classname="finalCall.onboardingFinalCalls" name="StatusCheck" time="13.866"/>
  <testcase classname="finalCall.AddVasFinalCalls" name="login" time="0.002"/>
  <testcase classname="finalCall.AddVasFinalCalls" name="SearchCustomer" time="2.135"/>
  <testcase classname="finalCall.AddVasFinalCalls" name="Customer360View" time="5.918"/>
  <testcase classname="finalCall.AddVasFinalCalls" name="SelectSubscriptionPage" time="1.214"/>
  <testcase classname="finalCall.AddVasFinalCalls" name="SelectVasPlanAndTypePage" time="5.153"/>
  <testcase classname="finalCall.AddVasFinalCalls" name="ProductConfigurationPage" time="1.281"/>
  <testcase classname="finalCall.AddVasFinalCalls" name="SummaryPage" time="1.267"/>
  <testcase classname="finalCall.AddVasFinalCalls" name="AddvasStatusCheck" time="6.243"/>
  <testcase classname="finalCall.RemoveVasFinalCalls" name="login" time="0.001"/>
  <testcase classname="finalCall.RemoveVasFinalCalls" name="RemoveVasSearchCustomer" time="1.628"/>
  <testcase classname="finalCall.RemoveVasFinalCalls" name="RemoveVasCustomer360View" time="3.998"/>
  <testcase classname="finalCall.RemoveVasFinalCalls" name="RemoveVasSelectSubscriptionPage" time="1.729"/>
  <testcase classname="finalCall.RemoveVasFinalCalls" name="RemoveVasSummaryPage" time="1.314"/>
  <testcase classname="finalCall.RemoveVasFinalCalls" name="RemoveVasStatusCheck" time="6.181"/>
  <testcase classname="finalCall.SuspensionFinalCalls" name="login" time="0.004"/>
  <testcase classname="finalCall.SuspensionFinalCalls" name="SuspensionSearchCustomer" time="1.74"/>
  <testcase classname="finalCall.SuspensionFinalCalls" name="SuspensionCustomer360View" time="3.233"/>
  <testcase classname="finalCall.SuspensionFinalCalls" name="SuspensionSelectSubscriptionPage" time="2.03"/>
  <testcase classname="finalCall.SuspensionFinalCalls" name="SuspensionSummaryPage" time="1.204"/>
  <testcase classname="finalCall.SuspensionFinalCalls" name="SuspensionPaymentpage" time="1.701"/>
  <testcase classname="finalCall.SuspensionFinalCalls" name="SuspensionStatusCheck" time="5.596"/>
  <testcase classname="finalCall.RevokeSuspensionFinalCalls" name="login" time="0.0"/>
  <testcase classname="finalCall.RevokeSuspensionFinalCalls" name="RevokeSuspensionSearchCustomer" time="1.734"/>
  <testcase classname="finalCall.RevokeSuspensionFinalCalls" name="RevokeSuspensionCustomer360View" time="3.291"/>
  <testcase classname="finalCall.RevokeSuspensionFinalCalls" name="RevokeSuspensionSelectSubscriptionPage" time="1.765"/>
  <testcase classname="finalCall.RevokeSuspensionFinalCalls" name="RevokeSuspensionSummaryPage" time="1.782"/>
  <testcase classname="finalCall.RevokeSuspensionFinalCalls" name="RevokeSuspensionStatusCheck" time="5.662"/>
</testsuite> <!-- Test -->
